<?xml version="1.0" encoding="UTF-8"?>
<testsuite xmlns:xsi="http://www.w3.org/2001/XMLSchema-instance" xsi:schemaLocation="https://maven.apache.org/surefire/maven-surefire-plugin/xsd/surefire-test-report.xsd" name="com.api.testing.junit.usersdetails.GetUsersTest" time="7.1" tests="4" errors="0" skipped="0" failures="1">
  <properties>
[...]
</properties>
  <testcase name="verifyIftheStatusCodeIsNot200[0]" classname="com.api.testing.junit.usersdetails.GetUsersTest" time="1.023">
    <failure message="1 expectation failed.&#10;Expected status code &lt;500&gt; but was &lt;200&gt;.&#10;" type="java.lang.AssertionError"><![CDATA[java.lang.AssertionError: 
1 expectation failed.
Expected status code <500> but was <200>.

	at com.api.testing.junit.usersdetails.GetUsersTest.verifyIftheStatusCodeIsNot200(GetUsersTest.java:58)
]]></failure>
    <system-out><![CDATA[HTTP/1.1 200 OK
Date: Thu, 07 Jan 2021 10:03:02 GMT
Content-Type: application/json; charset=utf-8
Transfer-Encoding: chunked
Connection: keep-alive
Set-Cookie: __cfduid=d0a77d806971b92490fded589fc4c73291610013782; expires=Sat, 06-Feb-21 10:03:02 GMT; path=/; domain=.typicode.com; HttpOnly; SameSite=Lax
X-Powered-By: Express
X-Ratelimit-Limit: 1000
X-Ratelimit-Remaining: 999
X-Ratelimit-Reset: 1609862279
Vary: Origin, Accept-Encoding
Access-Control-Allow-Credentials: true
Cache-Control: max-age=43200
Pragma: no-cache
Expires: -1
X-Content-Type-Options: nosniff
Etag: W/"23d-EKDCRFg7oh6G4KjjoWlynBpL2AY"
Via: 1.1 vegur
CF-Cache-Status: HIT
Age: 8052
cf-request-id: 077de5cb0f0000dfd33c16e000000001
Expect-CT: max-age=604800, report-uri="https://report-uri.cloudflare.com/cdn-cgi/beacon/expect-ct"
Report-To: {"endpoints":[{"url":"https:\/\/a.nel.cloudflare.com\/report?s=lgFkFR69woR6H2Wj8O%2B8Q7nHTjwBcWpypfxFp6sZL%2F7VkaIH0gFE4cqD2s4z3eSG6YYtvoquOXGpZkNp%2B6kRLnSiee7MDn%2BV6deN%2FjoQypcABC%2FAtsjL0L%2Fb6M8D"}],"group":"cf-nel","max_age":604800}
NEL: {"report_to":"cf-nel","max_age":604800}
Server: cloudflare
CF-RAY: 60dcd8be7ca7dfd3-FRA
Content-Encoding: gzip

[
    {
        "id": 9,
        "name": "Glenna Reichert",
        "username": "Delphine",
        "email": "Chaim_McDermott@dana.io",
        "address": {
            "street": "Dayna Park",
            "suite": "Suite 449",
            "city": "Bartholomebury",
            "zipcode": "76495-3109",
            "geo": {
                "lat": "24.6463",
                "lng": "-168.8889"
            }
        },
        "phone": "(775)976-6794 x41206",
        "website": "conrad.com",
        "company": {
            "name": "Yost and Sons",
            "catchPhrase": "Switchable contextually-based project",
            "bs": "aggregate real-time technologies"
        }
    }
]
]]></system-out>
    <system-err><![CDATA[27041 [main] INFO  - 
        __    _____ _____ ____ _____   ____   _    ____  ____  _____ ____  
  _     \ \  |_   _| ____/ ___|_   _| |  _ \ / \  / ___|/ ___|| ____|  _ \ 
 (_)_____| |   | | |  _| \___ \ | |   | |_) / _ \ \___ \\___ \|  _| | | | |
  _|_____| |   | | | |___ ___) || |   |  __/ ___ \ ___) |___) | |___| |_| |
 (_)     | |   |_| |_____|____/ |_|   |_| /_/   \_\____/|____/|_____|____/ 
        /_/                                                                

This will validate the response code 200 of get posts API
----------------------------------------------------------------------------
28622 [main] INFO  - Test Suite Started: Get users test
29351 [main] INFO  - 
 _____ _____ ____ _____   ____ _____  _    ____ _____ _____ ____  
|_   _| ____/ ___|_   _| / ___|_   _|/ \  |  _ \_   _| ____|  _ \ 
  | | |  _| \___ \ | |   \___ \ | | / _ \ | |_) || | |  _| | | | |
  | | | |___ ___) || |    ___) || |/ ___ \|  _ < | | | |___| |_| |
  |_| |_____|____/ |_|   |____/ |_/_/   \_\_| \_\|_| |_____|____/ 

verifyIftheStatusCodeIsNot200[0]
-------------------------------------------------------------------
]]></system-err>
  </testcase>
  <testcase name="getUserDetails[0]" classname="com.api.testing.junit.usersdetails.GetUsersTest" time="1.078"/>
  <testcase name="verifyIftheStatusCodeIs200[0]" classname="com.api.testing.junit.usersdetails.GetUsersTest" time="1.262"/>
  <testcase name="validateUserIdIsNotNull[0]" classname="com.api.testing.junit.usersdetails.GetUsersTest" time="0.872"/>
</testsuite>